#! /usr/bin/vvp
:ivl_version "12.0 (stable)";
:ivl_delay_selection "TYPICAL";
:vpi_time_precision + 0;
:vpi_module "/usr/lib/x86_64-linux-gnu/ivl/system.vpi";
:vpi_module "/usr/lib/x86_64-linux-gnu/ivl/vhdl_sys.vpi";
:vpi_module "/usr/lib/x86_64-linux-gnu/ivl/vhdl_textio.vpi";
:vpi_module "/usr/lib/x86_64-linux-gnu/ivl/v2005_math.vpi";
:vpi_module "/usr/lib/x86_64-linux-gnu/ivl/va_math.vpi";
S_0x6254492acf70 .scope module, "test" "test" 2 1;
 .timescale 0 0;
P_0x6254492dc520 .param/l "N" 0 2 3, +C4<00000000000000000000000000000100>;
v0x6254492fe0d0_0 .var "A", 3 0;
v0x6254492fe1b0_0 .var "B", 3 0;
v0x6254492fe280_0 .net "E", 0 0, v0x6254492fdce0_0;  1 drivers
v0x6254492fe380_0 .net "G", 0 0, v0x6254492fdd80_0;  1 drivers
v0x6254492fe450_0 .net "L", 0 0, v0x6254492fde40_0;  1 drivers
S_0x6254492b3b70 .scope module, "uut" "comparator" 2 9, 3 1 0, S_0x6254492acf70;
 .timescale 0 0;
    .port_info 0 /INPUT 4 "A";
    .port_info 1 /INPUT 4 "B";
    .port_info 2 /OUTPUT 1 "G";
    .port_info 3 /OUTPUT 1 "L";
    .port_info 4 /OUTPUT 1 "E";
P_0x6254492bd9a0 .param/l "N" 0 3 1, +C4<00000000000000000000000000000100>;
v0x62544927cfb0_0 .net "A", 3 0, v0x6254492fe0d0_0;  1 drivers
v0x6254492fdc00_0 .net "B", 3 0, v0x6254492fe1b0_0;  1 drivers
v0x6254492fdce0_0 .var "E", 0 0;
v0x6254492fdd80_0 .var "G", 0 0;
v0x6254492fde40_0 .var "L", 0 0;
v0x6254492fdf50_0 .var/i "i", 31 0;
E_0x6254492b9240 .event anyedge, v0x62544927cfb0_0, v0x6254492fdc00_0;
S_0x6254492b3040 .scope begin, "COMPARE_BLOCK" "COMPARE_BLOCK" 3 11, 3 11 0, S_0x6254492b3b70;
 .timescale 0 0;
S_0x6254492d6970 .scope module, "test_modular_alu" "test_modular_alu" 4 3;
 .timescale 0 0;
P_0x6254492be460 .param/l "N" 0 4 4, +C4<00000000000000000000000000000100>;
v0x625449302120_0 .var "A", 3 0;
v0x625449302200_0 .var "B", 3 0;
v0x625449302310_0 .net "C", 0 0, v0x6254492ff680_0;  1 drivers
v0x6254493023b0_0 .net "E", 0 0, v0x6254492ff0b0_0;  1 drivers
v0x6254493024a0_0 .net "G", 0 0, v0x6254492ff180_0;  1 drivers
v0x6254493025e0_0 .net "L", 0 0, v0x6254492ff240_0;  1 drivers
v0x6254493026d0_0 .net "Result", 3 0, v0x6254492ff9e0_0;  1 drivers
v0x625449302770_0 .net "S", 0 0, v0x6254492ffa80_0;  1 drivers
v0x625449302810_0 .net "V", 0 0, v0x6254492ffb20_0;  1 drivers
v0x6254493028b0_0 .net "Z", 0 0, v0x6254492ffbc0_0;  1 drivers
v0x625449302950_0 .var "op_ar", 1 0;
v0x625449302a20_0 .var "op_log", 1 0;
v0x625449302af0_0 .var "op_main", 1 0;
v0x625449302bc0_0 .var "op_shift", 1 0;
S_0x6254492fe540 .scope module, "uut" "n_mod_alu" 4 26, 5 1 0, S_0x6254492d6970;
 .timescale 0 0;
    .port_info 0 /INPUT 4 "A";
    .port_info 1 /INPUT 4 "B";
    .port_info 2 /INPUT 2 "op_main";
    .port_info 3 /INPUT 2 "op_ar";
    .port_info 4 /INPUT 2 "op_log";
    .port_info 5 /INPUT 2 "op_shift";
    .port_info 6 /OUTPUT 4 "Result";
    .port_info 7 /OUTPUT 1 "C";
    .port_info 8 /OUTPUT 1 "Z";
    .port_info 9 /OUTPUT 1 "S";
    .port_info 10 /OUTPUT 1 "V";
    .port_info 11 /OUTPUT 1 "L";
    .port_info 12 /OUTPUT 1 "E";
    .port_info 13 /OUTPUT 1 "G";
P_0x6254492fe720 .param/l "N" 0 5 1, +C4<00000000000000000000000000000100>;
L_0x6254493139f0 .functor AND 4, v0x625449302120_0, v0x625449302200_0, C4<1111>, C4<1111>;
L_0x625449302f50 .functor OR 4, v0x625449302120_0, v0x625449302200_0, C4<0000>, C4<0000>;
L_0x625449314050 .functor XOR 4, v0x625449302120_0, v0x625449302200_0, C4<0000>, C4<0000>;
v0x6254492ff4d0_0 .net "A", 3 0, v0x625449302120_0;  1 drivers
v0x6254492ff5b0_0 .net "B", 3 0, v0x625449302200_0;  1 drivers
v0x6254492ff680_0 .var "C", 0 0;
v0x6254492ff750_0 .net "E", 0 0, v0x6254492ff0b0_0;  alias, 1 drivers
v0x6254492ff820_0 .net "G", 0 0, v0x6254492ff180_0;  alias, 1 drivers
v0x6254492ff910_0 .net "L", 0 0, v0x6254492ff240_0;  alias, 1 drivers
v0x6254492ff9e0_0 .var "Result", 3 0;
v0x6254492ffa80_0 .var "S", 0 0;
v0x6254492ffb20_0 .var "V", 0 0;
v0x6254492ffbc0_0 .var "Z", 0 0;
v0x6254492ffc80_0 .net *"_ivl_0", 4 0, L_0x625449302c90;  1 drivers
v0x6254492ffd60_0 .net *"_ivl_10", 4 0, L_0x625449303060;  1 drivers
L_0x71ff2dc400a8 .functor BUFT 1, C4<0>, C4<0>, C4<0>, C4<0>;
v0x6254492ffe40_0 .net *"_ivl_13", 0 0, L_0x71ff2dc400a8;  1 drivers
v0x6254492fff20_0 .net *"_ivl_14", 4 0, L_0x625449303130;  1 drivers
L_0x71ff2dc400f0 .functor BUFT 1, C4<0>, C4<0>, C4<0>, C4<0>;
v0x625449300000_0 .net *"_ivl_17", 0 0, L_0x71ff2dc400f0;  1 drivers
v0x6254493000e0_0 .net *"_ivl_26", 31 0, L_0x625449303680;  1 drivers
L_0x71ff2dc40138 .functor BUFT 1, C4<0000000000000000000000000000>, C4<0>, C4<0>, C4<0>;
v0x6254493001c0_0 .net *"_ivl_29", 27 0, L_0x71ff2dc40138;  1 drivers
L_0x71ff2dc40018 .functor BUFT 1, C4<0>, C4<0>, C4<0>, C4<0>;
v0x6254493002a0_0 .net *"_ivl_3", 0 0, L_0x71ff2dc40018;  1 drivers
L_0x71ff2dc40180 .functor BUFT 1, C4<00000000000000000000000000000000>, C4<0>, C4<0>, C4<0>;
v0x625449300380_0 .net/2u *"_ivl_30", 31 0, L_0x71ff2dc40180;  1 drivers
v0x625449300460_0 .net *"_ivl_32", 0 0, L_0x625449313810;  1 drivers
v0x625449300520_0 .net *"_ivl_34", 31 0, L_0x625449313950;  1 drivers
L_0x71ff2dc401c8 .functor BUFT 1, C4<0000000000000000000000000000>, C4<0>, C4<0>, C4<0>;
v0x625449300600_0 .net *"_ivl_37", 27 0, L_0x71ff2dc401c8;  1 drivers
v0x6254493006e0_0 .net *"_ivl_38", 31 0, L_0x625449313ab0;  1 drivers
v0x6254493007c0_0 .net *"_ivl_4", 4 0, L_0x625449302d90;  1 drivers
L_0x71ff2dc40210 .functor BUFT 1, C4<0000000000000000000000000000>, C4<0>, C4<0>, C4<0>;
v0x6254493008a0_0 .net *"_ivl_41", 27 0, L_0x71ff2dc40210;  1 drivers
v0x625449300980_0 .net *"_ivl_42", 31 0, L_0x625449313bd0;  1 drivers
L_0x71ff2dc40258 .functor BUFT 1, C4<00000000000000000000000000000000>, C4<0>, C4<0>, C4<0>;
v0x625449300a60_0 .net/2u *"_ivl_44", 31 0, L_0x71ff2dc40258;  1 drivers
v0x625449300b40_0 .net *"_ivl_46", 31 0, L_0x625449313d90;  1 drivers
v0x625449300c20_0 .net *"_ivl_58", 2 0, L_0x6254493140c0;  1 drivers
L_0x71ff2dc402a0 .functor BUFT 1, C4<0>, C4<0>, C4<0>, C4<0>;
v0x625449300d00_0 .net *"_ivl_60", 0 0, L_0x71ff2dc402a0;  1 drivers
v0x625449300de0_0 .net *"_ivl_64", 2 0, L_0x6254493143d0;  1 drivers
L_0x71ff2dc402e8 .functor BUFT 1, C4<0>, C4<0>, C4<0>, C4<0>;
v0x625449300ec0_0 .net *"_ivl_66", 0 0, L_0x71ff2dc402e8;  1 drivers
L_0x71ff2dc40060 .functor BUFT 1, C4<0>, C4<0>, C4<0>, C4<0>;
v0x625449300fa0_0 .net *"_ivl_7", 0 0, L_0x71ff2dc40060;  1 drivers
v0x625449301080_0 .net *"_ivl_70", 2 0, L_0x625449314330;  1 drivers
v0x625449301160_0 .net "add_out", 3 0, L_0x6254493033b0;  1 drivers
v0x625449301240_0 .net "add_temp", 4 0, L_0x625449302eb0;  1 drivers
v0x625449301320_0 .net "and_out", 3 0, L_0x6254493139f0;  1 drivers
v0x625449301400_0 .net "arith_shift_out", 3 0, L_0x625449314690;  1 drivers
v0x6254493014e0_0 .net "div_out", 3 0, L_0x625449313ed0;  1 drivers
v0x6254493015c0_0 .net "left_shift_out", 3 0, L_0x6254493141c0;  1 drivers
v0x6254493016a0_0 .net "mult_out", 3 0, L_0x6254493035e0;  1 drivers
v0x625449301780_0 .net "op_ar", 1 0, v0x625449302950_0;  1 drivers
v0x625449301860_0 .net "op_log", 1 0, v0x625449302a20_0;  1 drivers
v0x625449301940_0 .net "op_main", 1 0, v0x625449302af0_0;  1 drivers
v0x625449301a20_0 .net "op_shift", 1 0, v0x625449302bc0_0;  1 drivers
v0x625449301b00_0 .net "or_out", 3 0, L_0x625449302f50;  1 drivers
v0x625449301be0_0 .net "right_shift_out", 3 0, L_0x625449314470;  1 drivers
v0x625449301cc0_0 .net "sub_out", 3 0, L_0x6254493034a0;  1 drivers
v0x625449301da0_0 .net "sub_temp", 4 0, L_0x625449303230;  1 drivers
v0x625449301e80_0 .net "xor_out", 3 0, L_0x625449314050;  1 drivers
E_0x6254492b8cb0/0 .event anyedge, v0x625449301940_0, v0x625449301780_0, v0x625449301160_0, v0x625449301240_0;
E_0x6254492b8cb0/1 .event anyedge, v0x6254492feed0_0, v0x6254492fefd0_0, v0x6254492ff9e0_0, v0x625449301cc0_0;
E_0x6254492b8cb0/2 .event anyedge, v0x625449301da0_0, v0x6254493016a0_0, v0x6254493014e0_0, v0x625449301860_0;
E_0x6254492b8cb0/3 .event anyedge, v0x625449301320_0, v0x625449301b00_0, v0x625449301e80_0, v0x625449301a20_0;
E_0x6254492b8cb0/4 .event anyedge, v0x6254493015c0_0, v0x625449301be0_0, v0x625449301400_0;
E_0x6254492b8cb0 .event/or E_0x6254492b8cb0/0, E_0x6254492b8cb0/1, E_0x6254492b8cb0/2, E_0x6254492b8cb0/3, E_0x6254492b8cb0/4;
L_0x625449302c90 .concat [ 4 1 0 0], v0x625449302120_0, L_0x71ff2dc40018;
L_0x625449302d90 .concat [ 4 1 0 0], v0x625449302200_0, L_0x71ff2dc40060;
L_0x625449302eb0 .arith/sum 5, L_0x625449302c90, L_0x625449302d90;
L_0x625449303060 .concat [ 4 1 0 0], v0x625449302120_0, L_0x71ff2dc400a8;
L_0x625449303130 .concat [ 4 1 0 0], v0x625449302200_0, L_0x71ff2dc400f0;
L_0x625449303230 .arith/sub 5, L_0x625449303060, L_0x625449303130;
L_0x6254493033b0 .part L_0x625449302eb0, 0, 4;
L_0x6254493034a0 .part L_0x625449303230, 0, 4;
L_0x6254493035e0 .arith/mult 4, v0x625449302120_0, v0x625449302200_0;
L_0x625449303680 .concat [ 4 28 0 0], v0x625449302200_0, L_0x71ff2dc40138;
L_0x625449313810 .cmp/ne 32, L_0x625449303680, L_0x71ff2dc40180;
L_0x625449313950 .concat [ 4 28 0 0], v0x625449302120_0, L_0x71ff2dc401c8;
L_0x625449313ab0 .concat [ 4 28 0 0], v0x625449302200_0, L_0x71ff2dc40210;
L_0x625449313bd0 .arith/div 32, L_0x625449313950, L_0x625449313ab0;
L_0x625449313d90 .functor MUXZ 32, L_0x71ff2dc40258, L_0x625449313bd0, L_0x625449313810, C4<>;
L_0x625449313ed0 .part L_0x625449313d90, 0, 4;
L_0x6254493140c0 .part v0x625449302120_0, 0, 3;
L_0x6254493141c0 .concat [ 1 3 0 0], L_0x71ff2dc402a0, L_0x6254493140c0;
L_0x6254493143d0 .part v0x625449302120_0, 1, 3;
L_0x625449314470 .concat [ 3 1 0 0], L_0x6254493143d0, L_0x71ff2dc402e8;
L_0x625449314330 .part v0x625449302120_0, 1, 3;
L_0x625449314690 .extend/s 4, L_0x625449314330;
S_0x6254492fe9f0 .scope module, "comp1" "comparator" 5 72, 3 1 0, S_0x6254492fe540;
 .timescale 0 0;
    .port_info 0 /INPUT 4 "A";
    .port_info 1 /INPUT 4 "B";
    .port_info 2 /OUTPUT 1 "G";
    .port_info 3 /OUTPUT 1 "L";
    .port_info 4 /OUTPUT 1 "E";
P_0x6254492febd0 .param/l "N" 0 3 1, +C4<00000000000000000000000000000100>;
v0x6254492feed0_0 .net "A", 3 0, v0x625449302120_0;  alias, 1 drivers
v0x6254492fefd0_0 .net "B", 3 0, v0x625449302200_0;  alias, 1 drivers
v0x6254492ff0b0_0 .var "E", 0 0;
v0x6254492ff180_0 .var "G", 0 0;
v0x6254492ff240_0 .var "L", 0 0;
v0x6254492ff350_0 .var/i "i", 31 0;
E_0x6254492b8f80 .event anyedge, v0x6254492feed0_0, v0x6254492fefd0_0;
S_0x6254492fecf0 .scope begin, "COMPARE_BLOCK" "COMPARE_BLOCK" 3 11, 3 11 0, S_0x6254492fe9f0;
 .timescale 0 0;
    .scope S_0x6254492b3b70;
T_0 ;
    %wait E_0x6254492b9240;
    %fork t_1, S_0x6254492b3040;
    %jmp t_0;
    .scope S_0x6254492b3040;
t_1 ;
    %pushi/vec4 0, 0, 1;
    %store/vec4 v0x6254492fdd80_0, 0, 1;
    %pushi/vec4 0, 0, 1;
    %store/vec4 v0x6254492fde40_0, 0, 1;
    %pushi/vec4 0, 0, 1;
    %store/vec4 v0x6254492fdce0_0, 0, 1;
    %pushi/vec4 3, 0, 32;
    %store/vec4 v0x6254492fdf50_0, 0, 32;
T_0.0 ;
    %load/vec4 v0x6254492fdf50_0;
    %cmpi/s 0, 0, 32;
    %flag_inv 5; GE is !LT
    %jmp/0xz T_0.1, 5;
    %load/vec4 v0x6254492fdc00_0;
    %load/vec4 v0x6254492fdf50_0;
    %part/s 1;
    %load/vec4 v0x62544927cfb0_0;
    %load/vec4 v0x6254492fdf50_0;
    %part/s 1;
    %cmp/u;
    %jmp/0xz  T_0.2, 5;
    %pushi/vec4 1, 0, 1;
    %store/vec4 v0x6254492fdd80_0, 0, 1;
    %disable S_0x6254492b3040;
    %jmp T_0.3;
T_0.2 ;
    %load/vec4 v0x62544927cfb0_0;
    %load/vec4 v0x6254492fdf50_0;
    %part/s 1;
    %load/vec4 v0x6254492fdc00_0;
    %load/vec4 v0x6254492fdf50_0;
    %part/s 1;
    %cmp/u;
    %jmp/0xz  T_0.4, 5;
    %pushi/vec4 1, 0, 1;
    %store/vec4 v0x6254492fde40_0, 0, 1;
    %disable S_0x6254492b3040;
T_0.4 ;
T_0.3 ;
    %load/vec4 v0x6254492fdf50_0;
    %subi 1, 0, 32;
    %store/vec4 v0x6254492fdf50_0, 0, 32;
    %jmp T_0.0;
T_0.1 ;
    %pushi/vec4 1, 0, 1;
    %store/vec4 v0x6254492fdce0_0, 0, 1;
    %end;
    .scope S_0x6254492b3b70;
t_0 %join;
    %jmp T_0;
    .thread T_0, $push;
    .scope S_0x6254492acf70;
T_1 ;
    %vpi_call 2 18 "$dumpfile", "wave.vcd" {0 0 0};
    %vpi_call 2 19 "$dumpvars", 32'sb00000000000000000000000000000000, S_0x6254492acf70 {0 0 0};
    %pushi/vec4 10, 0, 4;
    %store/vec4 v0x6254492fe0d0_0, 0, 4;
    %pushi/vec4 9, 0, 4;
    %store/vec4 v0x6254492fe1b0_0, 0, 4;
    %delay 10, 0;
    %pushi/vec4 3, 0, 4;
    %store/vec4 v0x6254492fe0d0_0, 0, 4;
    %pushi/vec4 4, 0, 4;
    %store/vec4 v0x6254492fe1b0_0, 0, 4;
    %delay 10, 0;
    %pushi/vec4 7, 0, 4;
    %store/vec4 v0x6254492fe0d0_0, 0, 4;
    %pushi/vec4 7, 0, 4;
    %store/vec4 v0x6254492fe1b0_0, 0, 4;
    %delay 10, 0;
    %pushi/vec4 0, 0, 4;
    %store/vec4 v0x6254492fe0d0_0, 0, 4;
    %pushi/vec4 15, 0, 4;
    %store/vec4 v0x6254492fe1b0_0, 0, 4;
    %delay 10, 0;
    %pushi/vec4 15, 0, 4;
    %store/vec4 v0x6254492fe0d0_0, 0, 4;
    %pushi/vec4 0, 0, 4;
    %store/vec4 v0x6254492fe1b0_0, 0, 4;
    %delay 10, 0;
    %delay 10, 0;
    %vpi_call 2 29 "$finish" {0 0 0};
    %end;
    .thread T_1;
    .scope S_0x6254492fe9f0;
T_2 ;
    %wait E_0x6254492b8f80;
    %fork t_3, S_0x6254492fecf0;
    %jmp t_2;
    .scope S_0x6254492fecf0;
t_3 ;
    %pushi/vec4 0, 0, 1;
    %store/vec4 v0x6254492ff180_0, 0, 1;
    %pushi/vec4 0, 0, 1;
    %store/vec4 v0x6254492ff240_0, 0, 1;
    %pushi/vec4 0, 0, 1;
    %store/vec4 v0x6254492ff0b0_0, 0, 1;
    %pushi/vec4 3, 0, 32;
    %store/vec4 v0x6254492ff350_0, 0, 32;
T_2.0 ;
    %load/vec4 v0x6254492ff350_0;
    %cmpi/s 0, 0, 32;
    %flag_inv 5; GE is !LT
    %jmp/0xz T_2.1, 5;
    %load/vec4 v0x6254492fefd0_0;
    %load/vec4 v0x6254492ff350_0;
    %part/s 1;
    %load/vec4 v0x6254492feed0_0;
    %load/vec4 v0x6254492ff350_0;
    %part/s 1;
    %cmp/u;
    %jmp/0xz  T_2.2, 5;
    %pushi/vec4 1, 0, 1;
    %store/vec4 v0x6254492ff180_0, 0, 1;
    %disable S_0x6254492fecf0;
    %jmp T_2.3;
T_2.2 ;
    %load/vec4 v0x6254492feed0_0;
    %load/vec4 v0x6254492ff350_0;
    %part/s 1;
    %load/vec4 v0x6254492fefd0_0;
    %load/vec4 v0x6254492ff350_0;
    %part/s 1;
    %cmp/u;
    %jmp/0xz  T_2.4, 5;
    %pushi/vec4 1, 0, 1;
    %store/vec4 v0x6254492ff240_0, 0, 1;
    %disable S_0x6254492fecf0;
T_2.4 ;
T_2.3 ;
    %load/vec4 v0x6254492ff350_0;
    %subi 1, 0, 32;
    %store/vec4 v0x6254492ff350_0, 0, 32;
    %jmp T_2.0;
T_2.1 ;
    %pushi/vec4 1, 0, 1;
    %store/vec4 v0x6254492ff0b0_0, 0, 1;
    %end;
    .scope S_0x6254492fe9f0;
t_2 %join;
    %jmp T_2;
    .thread T_2, $push;
    .scope S_0x6254492fe540;
T_3 ;
    %wait E_0x6254492b8cb0;
    %pushi/vec4 0, 0, 4;
    %store/vec4 v0x6254492ff9e0_0, 0, 4;
    %pushi/vec4 0, 0, 1;
    %store/vec4 v0x6254492ff680_0, 0, 1;
    %pushi/vec4 0, 0, 1;
    %store/vec4 v0x6254492ffb20_0, 0, 1;
    %load/vec4 v0x625449301940_0;
    %dup/vec4;
    %pushi/vec4 0, 0, 2;
    %cmp/u;
    %jmp/1 T_3.0, 6;
    %dup/vec4;
    %pushi/vec4 1, 0, 2;
    %cmp/u;
    %jmp/1 T_3.1, 6;
    %dup/vec4;
    %pushi/vec4 2, 0, 2;
    %cmp/u;
    %jmp/1 T_3.2, 6;
    %dup/vec4;
    %pushi/vec4 3, 0, 2;
    %cmp/u;
    %jmp/1 T_3.3, 6;
    %pushi/vec4 0, 0, 4;
    %store/vec4 v0x6254492ff9e0_0, 0, 4;
    %jmp T_3.5;
T_3.0 ;
    %load/vec4 v0x625449301780_0;
    %dup/vec4;
    %pushi/vec4 0, 0, 2;
    %cmp/u;
    %jmp/1 T_3.6, 6;
    %dup/vec4;
    %pushi/vec4 1, 0, 2;
    %cmp/u;
    %jmp/1 T_3.7, 6;
    %dup/vec4;
    %pushi/vec4 2, 0, 2;
    %cmp/u;
    %jmp/1 T_3.8, 6;
    %dup/vec4;
    %pushi/vec4 3, 0, 2;
    %cmp/u;
    %jmp/1 T_3.9, 6;
    %jmp T_3.10;
T_3.6 ;
    %load/vec4 v0x625449301160_0;
    %store/vec4 v0x6254492ff9e0_0, 0, 4;
    %load/vec4 v0x625449301240_0;
    %parti/s 1, 4, 4;
    %store/vec4 v0x6254492ff680_0, 0, 1;
    %load/vec4 v0x6254492ff4d0_0;
    %parti/s 1, 3, 3;
    %load/vec4 v0x6254492ff5b0_0;
    %parti/s 1, 3, 3;
    %cmp/e;
    %flag_get/vec4 4;
    %jmp/0 T_3.11, 4;
    %load/vec4 v0x6254492ff9e0_0;
    %parti/s 1, 3, 3;
    %load/vec4 v0x6254492ff4d0_0;
    %parti/s 1, 3, 3;
    %cmp/ne;
    %flag_get/vec4 4;
    %and;
T_3.11;
    %store/vec4 v0x6254492ffb20_0, 0, 1;
    %jmp T_3.10;
T_3.7 ;
    %load/vec4 v0x625449301cc0_0;
    %store/vec4 v0x6254492ff9e0_0, 0, 4;
    %load/vec4 v0x625449301da0_0;
    %parti/s 1, 4, 4;
    %store/vec4 v0x6254492ff680_0, 0, 1;
    %load/vec4 v0x6254492ff4d0_0;
    %parti/s 1, 3, 3;
    %load/vec4 v0x6254492ff5b0_0;
    %parti/s 1, 3, 3;
    %cmp/ne;
    %flag_get/vec4 4;
    %jmp/0 T_3.12, 4;
    %load/vec4 v0x6254492ff9e0_0;
    %parti/s 1, 3, 3;
    %load/vec4 v0x6254492ff4d0_0;
    %parti/s 1, 3, 3;
    %cmp/ne;
    %flag_get/vec4 4;
    %and;
T_3.12;
    %store/vec4 v0x6254492ffb20_0, 0, 1;
    %jmp T_3.10;
T_3.8 ;
    %load/vec4 v0x6254493016a0_0;
    %store/vec4 v0x6254492ff9e0_0, 0, 4;
    %jmp T_3.10;
T_3.9 ;
    %load/vec4 v0x6254493014e0_0;
    %store/vec4 v0x6254492ff9e0_0, 0, 4;
    %jmp T_3.10;
T_3.10 ;
    %pop/vec4 1;
    %jmp T_3.5;
T_3.1 ;
    %load/vec4 v0x625449301860_0;
    %dup/vec4;
    %pushi/vec4 0, 0, 2;
    %cmp/u;
    %jmp/1 T_3.13, 6;
    %dup/vec4;
    %pushi/vec4 1, 0, 2;
    %cmp/u;
    %jmp/1 T_3.14, 6;
    %dup/vec4;
    %pushi/vec4 2, 0, 2;
    %cmp/u;
    %jmp/1 T_3.15, 6;
    %pushi/vec4 0, 0, 4;
    %store/vec4 v0x6254492ff9e0_0, 0, 4;
    %jmp T_3.17;
T_3.13 ;
    %load/vec4 v0x625449301320_0;
    %store/vec4 v0x6254492ff9e0_0, 0, 4;
    %jmp T_3.17;
T_3.14 ;
    %load/vec4 v0x625449301b00_0;
    %store/vec4 v0x6254492ff9e0_0, 0, 4;
    %jmp T_3.17;
T_3.15 ;
    %load/vec4 v0x625449301e80_0;
    %store/vec4 v0x6254492ff9e0_0, 0, 4;
    %jmp T_3.17;
T_3.17 ;
    %pop/vec4 1;
    %jmp T_3.5;
T_3.2 ;
    %load/vec4 v0x625449301a20_0;
    %dup/vec4;
    %pushi/vec4 0, 0, 2;
    %cmp/u;
    %jmp/1 T_3.18, 6;
    %dup/vec4;
    %pushi/vec4 1, 0, 2;
    %cmp/u;
    %jmp/1 T_3.19, 6;
    %dup/vec4;
    %pushi/vec4 2, 0, 2;
    %cmp/u;
    %jmp/1 T_3.20, 6;
    %pushi/vec4 0, 0, 4;
    %store/vec4 v0x6254492ff9e0_0, 0, 4;
    %jmp T_3.22;
T_3.18 ;
    %load/vec4 v0x6254493015c0_0;
    %store/vec4 v0x6254492ff9e0_0, 0, 4;
    %jmp T_3.22;
T_3.19 ;
    %load/vec4 v0x625449301be0_0;
    %store/vec4 v0x6254492ff9e0_0, 0, 4;
    %jmp T_3.22;
T_3.20 ;
    %load/vec4 v0x625449301400_0;
    %store/vec4 v0x6254492ff9e0_0, 0, 4;
    %jmp T_3.22;
T_3.22 ;
    %pop/vec4 1;
    %jmp T_3.5;
T_3.3 ;
    %pushi/vec4 0, 0, 4;
    %store/vec4 v0x6254492ff9e0_0, 0, 4;
    %jmp T_3.5;
T_3.5 ;
    %pop/vec4 1;
    %load/vec4 v0x6254492ff9e0_0;
    %pad/u 32;
    %pushi/vec4 0, 0, 32;
    %cmp/e;
    %flag_get/vec4 4;
    %store/vec4 v0x6254492ffbc0_0, 0, 1;
    %load/vec4 v0x6254492ff9e0_0;
    %parti/s 1, 3, 3;
    %store/vec4 v0x6254492ffa80_0, 0, 1;
    %jmp T_3;
    .thread T_3, $push;
    .scope S_0x6254492d6970;
T_4 ;
    %vpi_call 4 55 "$dumpfile", "mod_alu.vcd" {0 0 0};
    %vpi_call 4 56 "$dumpvars", 32'sb00000000000000000000000000000000, S_0x6254492d6970 {0 0 0};
    %pushi/vec4 0, 0, 4;
    %store/vec4 v0x625449302120_0, 0, 4;
    %pushi/vec4 0, 0, 4;
    %store/vec4 v0x625449302200_0, 0, 4;
    %pushi/vec4 0, 0, 2;
    %store/vec4 v0x625449302af0_0, 0, 2;
    %pushi/vec4 0, 0, 2;
    %store/vec4 v0x625449302950_0, 0, 2;
    %pushi/vec4 0, 0, 2;
    %store/vec4 v0x625449302bc0_0, 0, 2;
    %pushi/vec4 0, 0, 2;
    %store/vec4 v0x625449302a20_0, 0, 2;
    %delay 5, 0;
    %pushi/vec4 5, 0, 4;
    %store/vec4 v0x625449302120_0, 0, 4;
    %pushi/vec4 3, 0, 4;
    %store/vec4 v0x625449302200_0, 0, 4;
    %pushi/vec4 0, 0, 2;
    %store/vec4 v0x625449302af0_0, 0, 2;
    %pushi/vec4 0, 0, 2;
    %store/vec4 v0x625449302950_0, 0, 2;
    %delay 5, 0;
    %pushi/vec4 5, 0, 4;
    %store/vec4 v0x625449302120_0, 0, 4;
    %pushi/vec4 3, 0, 4;
    %store/vec4 v0x625449302200_0, 0, 4;
    %pushi/vec4 0, 0, 2;
    %store/vec4 v0x625449302af0_0, 0, 2;
    %pushi/vec4 1, 0, 2;
    %store/vec4 v0x625449302950_0, 0, 2;
    %delay 5, 0;
    %pushi/vec4 5, 0, 4;
    %store/vec4 v0x625449302120_0, 0, 4;
    %pushi/vec4 3, 0, 4;
    %store/vec4 v0x625449302200_0, 0, 4;
    %pushi/vec4 0, 0, 2;
    %store/vec4 v0x625449302af0_0, 0, 2;
    %pushi/vec4 2, 0, 2;
    %store/vec4 v0x625449302950_0, 0, 2;
    %delay 5, 0;
    %pushi/vec4 5, 0, 4;
    %store/vec4 v0x625449302120_0, 0, 4;
    %pushi/vec4 3, 0, 4;
    %store/vec4 v0x625449302200_0, 0, 4;
    %pushi/vec4 0, 0, 2;
    %store/vec4 v0x625449302af0_0, 0, 2;
    %pushi/vec4 3, 0, 2;
    %store/vec4 v0x625449302950_0, 0, 2;
    %delay 5, 0;
    %pushi/vec4 5, 0, 4;
    %store/vec4 v0x625449302120_0, 0, 4;
    %pushi/vec4 3, 0, 4;
    %store/vec4 v0x625449302200_0, 0, 4;
    %pushi/vec4 1, 0, 2;
    %store/vec4 v0x625449302af0_0, 0, 2;
    %pushi/vec4 0, 0, 2;
    %store/vec4 v0x625449302a20_0, 0, 2;
    %delay 5, 0;
    %pushi/vec4 3, 0, 4;
    %store/vec4 v0x625449302120_0, 0, 4;
    %pushi/vec4 3, 0, 4;
    %store/vec4 v0x625449302200_0, 0, 4;
    %pushi/vec4 1, 0, 2;
    %store/vec4 v0x625449302af0_0, 0, 2;
    %pushi/vec4 1, 0, 2;
    %store/vec4 v0x625449302a20_0, 0, 2;
    %delay 5, 0;
    %pushi/vec4 5, 0, 4;
    %store/vec4 v0x625449302120_0, 0, 4;
    %pushi/vec4 3, 0, 4;
    %store/vec4 v0x625449302200_0, 0, 4;
    %pushi/vec4 1, 0, 2;
    %store/vec4 v0x625449302af0_0, 0, 2;
    %pushi/vec4 2, 0, 2;
    %store/vec4 v0x625449302a20_0, 0, 2;
    %delay 5, 0;
    %pushi/vec4 5, 0, 4;
    %store/vec4 v0x625449302120_0, 0, 4;
    %pushi/vec4 2, 0, 2;
    %store/vec4 v0x625449302af0_0, 0, 2;
    %pushi/vec4 0, 0, 2;
    %store/vec4 v0x625449302bc0_0, 0, 2;
    %delay 5, 0;
    %pushi/vec4 5, 0, 4;
    %store/vec4 v0x625449302120_0, 0, 4;
    %pushi/vec4 2, 0, 2;
    %store/vec4 v0x625449302af0_0, 0, 2;
    %pushi/vec4 1, 0, 2;
    %store/vec4 v0x625449302bc0_0, 0, 2;
    %delay 5, 0;
    %pushi/vec4 5, 0, 4;
    %store/vec4 v0x625449302120_0, 0, 4;
    %pushi/vec4 2, 0, 2;
    %store/vec4 v0x625449302af0_0, 0, 2;
    %pushi/vec4 2, 0, 2;
    %store/vec4 v0x625449302bc0_0, 0, 2;
    %delay 5, 0;
    %pushi/vec4 9, 0, 4;
    %store/vec4 v0x625449302120_0, 0, 4;
    %pushi/vec4 4, 0, 4;
    %store/vec4 v0x625449302200_0, 0, 4;
    %pushi/vec4 3, 0, 2;
    %store/vec4 v0x625449302af0_0, 0, 2;
    %delay 5, 0;
    %vpi_call 4 158 "$finish" {0 0 0};
    %end;
    .thread T_4;
# The file index is used to find the file name in the following table.
:file_names 6;
    "N/A";
    "<interactive>";
    "n_bitcomparetest.v";
    "n_bitcompare.v";
    "n_mod_alutest.v";
    "n_modalu.v";
